[2023-06-15T23:46:43.064+0000] {processor.py:157} INFO - Started process (PID=218) to work on /opt/airflow/dags/myDag.py
[2023-06-15T23:46:43.065+0000] {processor.py:826} INFO - Processing file /opt/airflow/dags/myDag.py for tasks to queue
[2023-06-15T23:46:43.066+0000] {logging_mixin.py:149} INFO - [2023-06-15T23:46:43.066+0000] {dagbag.py:541} INFO - Filling up the DagBag from /opt/airflow/dags/myDag.py
[2023-06-15T23:46:43.084+0000] {processor.py:836} INFO - DAG(s) dict_keys(['my_dag']) retrieved from /opt/airflow/dags/myDag.py
[2023-06-15T23:46:43.193+0000] {logging_mixin.py:149} INFO - [2023-06-15T23:46:43.193+0000] {manager.py:504} INFO - Created Permission View: can edit on DAG:my_dag
[2023-06-15T23:46:43.197+0000] {logging_mixin.py:149} INFO - [2023-06-15T23:46:43.197+0000] {manager.py:504} INFO - Created Permission View: can read on DAG:my_dag
[2023-06-15T23:46:43.200+0000] {logging_mixin.py:149} INFO - [2023-06-15T23:46:43.199+0000] {manager.py:504} INFO - Created Permission View: can delete on DAG:my_dag
[2023-06-15T23:46:43.200+0000] {logging_mixin.py:149} INFO - [2023-06-15T23:46:43.200+0000] {dag.py:2726} INFO - Sync 1 DAGs
[2023-06-15T23:46:43.209+0000] {logging_mixin.py:149} INFO - [2023-06-15T23:46:43.209+0000] {dag.py:2747} INFO - Creating ORM DAG for my_dag
[2023-06-15T23:46:43.217+0000] {logging_mixin.py:149} INFO - [2023-06-15T23:46:43.217+0000] {dag.py:3486} INFO - Setting next_dagrun for my_dag to 2022-01-01T00:00:00+00:00, run_after=2022-01-02T00:00:00+00:00
[2023-06-15T23:46:43.233+0000] {processor.py:179} INFO - Processing /opt/airflow/dags/myDag.py took 0.172 seconds
[2023-06-15T23:47:13.449+0000] {processor.py:157} INFO - Started process (PID=228) to work on /opt/airflow/dags/myDag.py
[2023-06-15T23:47:13.451+0000] {processor.py:826} INFO - Processing file /opt/airflow/dags/myDag.py for tasks to queue
[2023-06-15T23:47:13.453+0000] {logging_mixin.py:149} INFO - [2023-06-15T23:47:13.452+0000] {dagbag.py:541} INFO - Filling up the DagBag from /opt/airflow/dags/myDag.py
[2023-06-15T23:47:13.474+0000] {processor.py:836} INFO - DAG(s) dict_keys(['my_dag']) retrieved from /opt/airflow/dags/myDag.py
[2023-06-15T23:47:13.503+0000] {logging_mixin.py:149} INFO - [2023-06-15T23:47:13.503+0000] {dag.py:2726} INFO - Sync 1 DAGs
[2023-06-15T23:47:13.522+0000] {logging_mixin.py:149} INFO - [2023-06-15T23:47:13.522+0000] {dag.py:3486} INFO - Setting next_dagrun for my_dag to 2022-01-01T00:00:00+00:00, run_after=2022-01-02T00:00:00+00:00
[2023-06-15T23:47:13.538+0000] {processor.py:179} INFO - Processing /opt/airflow/dags/myDag.py took 0.096 seconds
[2023-06-15T23:47:43.957+0000] {processor.py:157} INFO - Started process (PID=238) to work on /opt/airflow/dags/myDag.py
[2023-06-15T23:47:43.959+0000] {processor.py:826} INFO - Processing file /opt/airflow/dags/myDag.py for tasks to queue
[2023-06-15T23:47:43.960+0000] {logging_mixin.py:149} INFO - [2023-06-15T23:47:43.960+0000] {dagbag.py:541} INFO - Filling up the DagBag from /opt/airflow/dags/myDag.py
[2023-06-15T23:47:43.976+0000] {processor.py:836} INFO - DAG(s) dict_keys(['my_dag']) retrieved from /opt/airflow/dags/myDag.py
[2023-06-15T23:47:44.006+0000] {logging_mixin.py:149} INFO - [2023-06-15T23:47:44.006+0000] {dag.py:2726} INFO - Sync 1 DAGs
[2023-06-15T23:47:44.026+0000] {logging_mixin.py:149} INFO - [2023-06-15T23:47:44.026+0000] {dag.py:3486} INFO - Setting next_dagrun for my_dag to 2022-01-01T00:00:00+00:00, run_after=2022-01-02T00:00:00+00:00
[2023-06-15T23:47:44.040+0000] {processor.py:179} INFO - Processing /opt/airflow/dags/myDag.py took 0.088 seconds
[2023-06-15T23:48:14.249+0000] {processor.py:157} INFO - Started process (PID=248) to work on /opt/airflow/dags/myDag.py
[2023-06-15T23:48:14.251+0000] {processor.py:826} INFO - Processing file /opt/airflow/dags/myDag.py for tasks to queue
[2023-06-15T23:48:14.251+0000] {logging_mixin.py:149} INFO - [2023-06-15T23:48:14.251+0000] {dagbag.py:541} INFO - Filling up the DagBag from /opt/airflow/dags/myDag.py
[2023-06-15T23:48:14.262+0000] {processor.py:836} INFO - DAG(s) dict_keys(['my_dag']) retrieved from /opt/airflow/dags/myDag.py
[2023-06-15T23:48:14.291+0000] {logging_mixin.py:149} INFO - [2023-06-15T23:48:14.291+0000] {dag.py:2726} INFO - Sync 1 DAGs
[2023-06-15T23:48:14.311+0000] {logging_mixin.py:149} INFO - [2023-06-15T23:48:14.311+0000] {dag.py:3486} INFO - Setting next_dagrun for my_dag to 2022-01-01T00:00:00+00:00, run_after=2022-01-02T00:00:00+00:00
[2023-06-15T23:48:14.328+0000] {processor.py:179} INFO - Processing /opt/airflow/dags/myDag.py took 0.081 seconds
[2023-06-15T23:48:44.623+0000] {processor.py:157} INFO - Started process (PID=258) to work on /opt/airflow/dags/myDag.py
[2023-06-15T23:48:44.625+0000] {processor.py:826} INFO - Processing file /opt/airflow/dags/myDag.py for tasks to queue
[2023-06-15T23:48:44.627+0000] {logging_mixin.py:149} INFO - [2023-06-15T23:48:44.627+0000] {dagbag.py:541} INFO - Filling up the DagBag from /opt/airflow/dags/myDag.py
[2023-06-15T23:48:44.650+0000] {processor.py:836} INFO - DAG(s) dict_keys(['my_dag']) retrieved from /opt/airflow/dags/myDag.py
[2023-06-15T23:48:44.682+0000] {logging_mixin.py:149} INFO - [2023-06-15T23:48:44.682+0000] {dag.py:2726} INFO - Sync 1 DAGs
[2023-06-15T23:48:44.703+0000] {logging_mixin.py:149} INFO - [2023-06-15T23:48:44.703+0000] {dag.py:3486} INFO - Setting next_dagrun for my_dag to 2022-01-01T00:00:00+00:00, run_after=2022-01-02T00:00:00+00:00
[2023-06-15T23:48:44.719+0000] {processor.py:179} INFO - Processing /opt/airflow/dags/myDag.py took 0.101 seconds
[2023-06-15T23:49:14.995+0000] {processor.py:157} INFO - Started process (PID=268) to work on /opt/airflow/dags/myDag.py
[2023-06-15T23:49:14.997+0000] {processor.py:826} INFO - Processing file /opt/airflow/dags/myDag.py for tasks to queue
[2023-06-15T23:49:14.999+0000] {logging_mixin.py:149} INFO - [2023-06-15T23:49:14.998+0000] {dagbag.py:541} INFO - Filling up the DagBag from /opt/airflow/dags/myDag.py
[2023-06-15T23:49:15.014+0000] {processor.py:836} INFO - DAG(s) dict_keys(['my_dag']) retrieved from /opt/airflow/dags/myDag.py
[2023-06-15T23:49:15.041+0000] {logging_mixin.py:149} INFO - [2023-06-15T23:49:15.041+0000] {dag.py:2726} INFO - Sync 1 DAGs
[2023-06-15T23:49:15.061+0000] {logging_mixin.py:149} INFO - [2023-06-15T23:49:15.061+0000] {dag.py:3486} INFO - Setting next_dagrun for my_dag to 2022-01-01T00:00:00+00:00, run_after=2022-01-02T00:00:00+00:00
[2023-06-15T23:49:15.076+0000] {processor.py:179} INFO - Processing /opt/airflow/dags/myDag.py took 0.085 seconds
[2023-06-15T23:49:45.522+0000] {processor.py:157} INFO - Started process (PID=278) to work on /opt/airflow/dags/myDag.py
[2023-06-15T23:49:45.523+0000] {processor.py:826} INFO - Processing file /opt/airflow/dags/myDag.py for tasks to queue
[2023-06-15T23:49:45.524+0000] {logging_mixin.py:149} INFO - [2023-06-15T23:49:45.524+0000] {dagbag.py:541} INFO - Filling up the DagBag from /opt/airflow/dags/myDag.py
[2023-06-15T23:49:45.538+0000] {processor.py:836} INFO - DAG(s) dict_keys(['my_dag']) retrieved from /opt/airflow/dags/myDag.py
[2023-06-15T23:49:45.566+0000] {logging_mixin.py:149} INFO - [2023-06-15T23:49:45.565+0000] {dag.py:2726} INFO - Sync 1 DAGs
[2023-06-15T23:49:45.589+0000] {logging_mixin.py:149} INFO - [2023-06-15T23:49:45.589+0000] {dag.py:3486} INFO - Setting next_dagrun for my_dag to 2022-01-06T00:00:00+00:00, run_after=2022-01-07T00:00:00+00:00
[2023-06-15T23:49:45.608+0000] {processor.py:179} INFO - Processing /opt/airflow/dags/myDag.py took 0.089 seconds
[2023-06-15T23:50:16.027+0000] {processor.py:157} INFO - Started process (PID=288) to work on /opt/airflow/dags/myDag.py
[2023-06-15T23:50:16.029+0000] {processor.py:826} INFO - Processing file /opt/airflow/dags/myDag.py for tasks to queue
[2023-06-15T23:50:16.030+0000] {logging_mixin.py:149} INFO - [2023-06-15T23:50:16.029+0000] {dagbag.py:541} INFO - Filling up the DagBag from /opt/airflow/dags/myDag.py
[2023-06-15T23:50:16.043+0000] {processor.py:836} INFO - DAG(s) dict_keys(['my_dag']) retrieved from /opt/airflow/dags/myDag.py
[2023-06-15T23:50:16.077+0000] {logging_mixin.py:149} INFO - [2023-06-15T23:50:16.077+0000] {dag.py:2726} INFO - Sync 1 DAGs
[2023-06-15T23:50:16.098+0000] {logging_mixin.py:149} INFO - [2023-06-15T23:50:16.098+0000] {dag.py:3486} INFO - Setting next_dagrun for my_dag to 2022-01-28T00:00:00+00:00, run_after=2022-01-29T00:00:00+00:00
[2023-06-15T23:50:16.113+0000] {processor.py:179} INFO - Processing /opt/airflow/dags/myDag.py took 0.088 seconds
[2023-06-15T23:50:46.486+0000] {processor.py:157} INFO - Started process (PID=298) to work on /opt/airflow/dags/myDag.py
[2023-06-15T23:50:46.487+0000] {processor.py:826} INFO - Processing file /opt/airflow/dags/myDag.py for tasks to queue
[2023-06-15T23:50:46.489+0000] {logging_mixin.py:149} INFO - [2023-06-15T23:50:46.488+0000] {dagbag.py:541} INFO - Filling up the DagBag from /opt/airflow/dags/myDag.py
[2023-06-15T23:50:46.504+0000] {processor.py:836} INFO - DAG(s) dict_keys(['my_dag']) retrieved from /opt/airflow/dags/myDag.py
[2023-06-15T23:50:46.533+0000] {logging_mixin.py:149} INFO - [2023-06-15T23:50:46.533+0000] {dag.py:2726} INFO - Sync 1 DAGs
[2023-06-15T23:50:46.553+0000] {logging_mixin.py:149} INFO - [2023-06-15T23:50:46.553+0000] {dag.py:3486} INFO - Setting next_dagrun for my_dag to 2022-02-20T00:00:00+00:00, run_after=2022-02-21T00:00:00+00:00
[2023-06-15T23:50:46.568+0000] {processor.py:179} INFO - Processing /opt/airflow/dags/myDag.py took 0.086 seconds
[2023-06-15T23:51:16.905+0000] {processor.py:157} INFO - Started process (PID=308) to work on /opt/airflow/dags/myDag.py
[2023-06-15T23:51:16.907+0000] {processor.py:826} INFO - Processing file /opt/airflow/dags/myDag.py for tasks to queue
[2023-06-15T23:51:16.909+0000] {logging_mixin.py:149} INFO - [2023-06-15T23:51:16.908+0000] {dagbag.py:541} INFO - Filling up the DagBag from /opt/airflow/dags/myDag.py
[2023-06-15T23:51:16.930+0000] {processor.py:836} INFO - DAG(s) dict_keys(['my_dag']) retrieved from /opt/airflow/dags/myDag.py
[2023-06-15T23:51:16.959+0000] {logging_mixin.py:149} INFO - [2023-06-15T23:51:16.959+0000] {dag.py:2726} INFO - Sync 1 DAGs
[2023-06-15T23:51:16.980+0000] {logging_mixin.py:149} INFO - [2023-06-15T23:51:16.980+0000] {dag.py:3486} INFO - Setting next_dagrun for my_dag to 2022-03-15T00:00:00+00:00, run_after=2022-03-16T00:00:00+00:00
[2023-06-15T23:51:16.995+0000] {processor.py:179} INFO - Processing /opt/airflow/dags/myDag.py took 0.096 seconds
[2023-06-15T23:51:47.320+0000] {processor.py:157} INFO - Started process (PID=318) to work on /opt/airflow/dags/myDag.py
[2023-06-15T23:51:47.323+0000] {processor.py:826} INFO - Processing file /opt/airflow/dags/myDag.py for tasks to queue
[2023-06-15T23:51:47.324+0000] {logging_mixin.py:149} INFO - [2023-06-15T23:51:47.324+0000] {dagbag.py:541} INFO - Filling up the DagBag from /opt/airflow/dags/myDag.py
[2023-06-15T23:51:47.339+0000] {processor.py:836} INFO - DAG(s) dict_keys(['my_dag']) retrieved from /opt/airflow/dags/myDag.py
[2023-06-15T23:51:47.366+0000] {logging_mixin.py:149} INFO - [2023-06-15T23:51:47.366+0000] {dag.py:2726} INFO - Sync 1 DAGs
[2023-06-15T23:51:47.386+0000] {logging_mixin.py:149} INFO - [2023-06-15T23:51:47.386+0000] {dag.py:3486} INFO - Setting next_dagrun for my_dag to 2022-04-07T00:00:00+00:00, run_after=2022-04-08T00:00:00+00:00
[2023-06-15T23:51:47.400+0000] {processor.py:179} INFO - Processing /opt/airflow/dags/myDag.py took 0.086 seconds
